<?xml version="1.0" encoding="UTF-8"?>
<testng-results ignored="0" total="2" passed="1" failed="1" skipped="0">
  <reporter-output>
  </reporter-output>
  <suite started-at="2022-07-29T15:53:57 IST" name="Default suite" finished-at="2022-07-29T15:54:17 IST" duration-ms="19515">
    <groups>
      <group name="cucumber">
        <method signature="AbstractTestNGCucumberTests.runScenario(io.cucumber.testng.PickleWrapper,io.cucumber.testng.FeatureWrapper)[pri:0, instance:com.qa.testrunner.AmazonTestRunner@359df09a]" name="runScenario" class="io.cucumber.testng.AbstractTestNGCucumberTests"/>
      </group> <!-- cucumber -->
    </groups>
    <test started-at="2022-07-29T15:53:57 IST" name="Default test" finished-at="2022-07-29T15:54:17 IST" duration-ms="19515">
      <class name="com.qa.testrunner.AmazonTestRunner">
        <test-method is-config="true" signature="setUpClass(org.testng.ITestContext)[pri:0, instance:com.qa.testrunner.AmazonTestRunner@359df09a]" started-at="2022-07-29T15:53:57 IST" name="setUpClass" finished-at="2022-07-29T15:53:58 IST" duration-ms="428" status="PASS">
          <params>
            <param index="0">
              <value>
                <![CDATA[org.testng.TestRunner@120f38e6]]>
              </value>
            </param>
          </params>
          <reporter-output>
          </reporter-output>
        </test-method> <!-- setUpClass -->
        <test-method signature="runScenario(io.cucumber.testng.PickleWrapper,io.cucumber.testng.FeatureWrapper)[pri:0, instance:com.qa.testrunner.AmazonTestRunner@359df09a]" started-at="2022-07-29T15:53:58 IST" name="runScenario" description="Runs Cucumber Scenarios" data-provider="scenarios" finished-at="2022-07-29T15:54:11 IST" duration-ms="13434" status="FAIL">
          <params>
            <param index="0">
              <value>
                <![CDATA["validate the hyperlinks in the footer section of amazon home page"]]>
              </value>
            </param>
            <param index="1">
              <value>
                <![CDATA["Optional[Validate amazon website of its functionality and UI]"]]>
              </value>
            </param>
          </params>
          <exception class="java.lang.AssertionError">
            <message>
              <![CDATA[expected:<50> but was:<52>]]>
            </message>
            <full-stacktrace>
              <![CDATA[java.lang.AssertionError: expected:<50> but was:<52>
at org.junit.Assert.fail(Assert.java:89)
at org.junit.Assert.failNotEquals(Assert.java:835)
at org.junit.Assert.assertEquals(Assert.java:647)
at org.junit.Assert.assertEquals(Assert.java:633)
at com.qa.stepdef.AmazonStepDef.validate_total_no_of_hyperlinks_present(AmazonStepDef.java:116)
at âœ½.validate total no of hyperlinks present(file:///D:/Selenium%20Training/HyDigit%20-%20Batch%203%20-%20FY'23/IBM.Batch3.BDDFramework/src/test/java/com/qa/features/AmazonFeatures.feature:20)
]]>
            </full-stacktrace>
          </exception> <!-- java.lang.AssertionError -->
          <reporter-output>
          </reporter-output>
        </test-method> <!-- runScenario -->
        <test-method signature="runScenario(io.cucumber.testng.PickleWrapper,io.cucumber.testng.FeatureWrapper)[pri:0, instance:com.qa.testrunner.AmazonTestRunner@359df09a]" started-at="2022-07-29T15:53:58 IST" name="runScenario" description="Runs Cucumber Scenarios" data-provider="scenarios" finished-at="2022-07-29T15:54:16 IST" duration-ms="18628" status="PASS">
          <params>
            <param index="0">
              <value>
                <![CDATA["Validate the amazon application for new user registration"]]>
              </value>
            </param>
            <param index="1">
              <value>
                <![CDATA["Optional[Validate amazon website of its functionality and UI]"]]>
              </value>
            </param>
          </params>
          <reporter-output>
          </reporter-output>
        </test-method> <!-- runScenario -->
        <test-method is-config="true" signature="tearDownClass()[pri:0, instance:com.qa.testrunner.AmazonTestRunner@359df09a]" started-at="2022-07-29T15:54:16 IST" name="tearDownClass" finished-at="2022-07-29T15:54:17 IST" duration-ms="395" status="PASS">
          <reporter-output>
          </reporter-output>
        </test-method> <!-- tearDownClass -->
      </class> <!-- com.qa.testrunner.AmazonTestRunner -->
    </test> <!-- Default test -->
  </suite> <!-- Default suite -->
</testng-results>
