<?xml version="1.0" encoding="UTF-8"?>
<!-- Generated by org.testng.reporters.JUnitReportReporter -->
<testsuite hostname="JyothiCyril" failures="1" tests="2" name="com.qa.testrunner.AmazonTestRunner" time="32.062" errors="0" timestamp="2022-07-29T15:54:17 IST" skipped="0">
  <testcase classname="com.qa.testrunner.AmazonTestRunner" name="runScenario" time="13.434">
    <failure message="expected:&lt;50&gt; but was:&lt;52&gt;" type="java.lang.AssertionError">
      <![CDATA[java.lang.AssertionError: expected:<50> but was:<52>
at org.junit.Assert.fail(Assert.java:89)
at org.junit.Assert.failNotEquals(Assert.java:835)
at org.junit.Assert.assertEquals(Assert.java:647)
at org.junit.Assert.assertEquals(Assert.java:633)
at com.qa.stepdef.AmazonStepDef.validate_total_no_of_hyperlinks_present(AmazonStepDef.java:116)
at âœ½.validate total no of hyperlinks present(file:///D:/Selenium%20Training/HyDigit%20-%20Batch%203%20-%20FY'23/IBM.Batch3.BDDFramework/src/test/java/com/qa/features/AmazonFeatures.feature:20)
]]>
    </failure>
  </testcase> <!-- runScenario -->
  <system-out/>
  <testcase classname="com.qa.testrunner.AmazonTestRunner" name="runScenario" time="18.628"/>
  <system-out/>
</testsuite> <!-- com.qa.testrunner.AmazonTestRunner -->
